  Game.cpp
C:\Users\Clement\source\repos\raycaster\Game.cpp(139,11): warning C4244: 'initializing': conversion from 'float' to 'int', possible loss of data
C:\Users\Clement\source\repos\raycaster\Game.cpp(168,27): warning C4244: 'argument': conversion from 'double' to 'int', possible loss of data
C:\Users\Clement\source\repos\raycaster\Game.cpp(168,13): warning C4244: 'argument': conversion from 'double' to 'int', possible loss of data
C:\Users\Clement\source\repos\raycaster\Game.cpp(209,9): warning C4244: 'initializing': conversion from 'float' to 'int', possible loss of data
C:\Users\Clement\source\repos\raycaster\Game.cpp(210,9): warning C4244: 'initializing': conversion from 'float' to 'int', possible loss of data
C:\Users\Clement\source\repos\raycaster\Game.cpp(211,16): warning C4244: 'initializing': conversion from 'double' to 'float', possible loss of data
C:\Users\Clement\source\repos\raycaster\Game.cpp(213,16): warning C4244: 'initializing': conversion from 'double' to 'float', possible loss of data
C:\Users\Clement\source\repos\raycaster\Game.cpp(234,20): warning C4244: 'initializing': conversion from 'float' to 'int', possible loss of data
C:\Users\Clement\source\repos\raycaster\Game.cpp(235,20): warning C4244: 'initializing': conversion from 'float' to 'int', possible loss of data
C:\Users\Clement\source\repos\raycaster\Game.cpp(253,24): warning C4244: '=': conversion from 'int' to 'float', possible loss of data
C:\Users\Clement\source\repos\raycaster\Game.cpp(259,24): warning C4244: '=': conversion from 'int' to 'float', possible loss of data
C:\Users\Clement\source\repos\raycaster\Game.cpp(281,36): warning C4244: 'argument': conversion from 'float' to 'int', possible loss of data
C:\Users\Clement\source\repos\raycaster\Game.cpp(281,22): warning C4244: 'argument': conversion from 'float' to 'int', possible loss of data
C:\Users\Clement\source\repos\raycaster\Game.cpp(288,56): warning C4244: 'argument': conversion from 'float' to 'int', possible loss of data
C:\Users\Clement\source\repos\raycaster\Game.cpp(288,35): warning C4244: 'argument': conversion from 'float' to 'int', possible loss of data
C:\Users\Clement\source\repos\raycaster\Game.cpp(288,18): warning C4244: 'argument': conversion from 'float' to 'int', possible loss of data
C:\Users\Clement\source\repos\raycaster\Game.cpp(288,9): warning C4244: 'argument': conversion from 'float' to 'int', possible loss of data
  Generating code
  2 of 150 functions ( 1.3%) were compiled, the rest were copied from previous compilation.
    0 functions were new in current compilation
    1 functions had inline decision re-evaluated but remain unchanged
  Finished generating code
  raycaster.vcxproj -> C:\Users\Clement\source\repos\raycaster\x64\Release\raycaster.exe
